2026-02-15 14:26:57,436 - INFO - Starting Geneformer GRN validation
2026-02-15 14:26:57,938 - INFO - Data: D:/openclaw/intelligence-augmentation/data/brain_scrna/DLPFC_11k.h5ad
2026-02-15 14:26:57,987 - INFO - Model: D:/openclaw/intelligence-augmentation/models/Geneformer/Geneformer-V1-10M
2026-02-15 14:26:58,036 - INFO - Output: D:/openclaw/biodyn-nmi-paper/multi_model_proper
2026-02-15 14:26:58,075 - INFO - Cell counts: [200, 500, 1000]
2026-02-15 14:26:58,102 - INFO - Using device: cpu
2026-02-15 14:26:58,141 - INFO - Starting GRN validation pipeline
2026-02-15 14:26:58,143 - INFO - Loading data from D:\openclaw\intelligence-augmentation\data\brain_scrna\DLPFC_11k.h5ad
2026-02-15 14:27:04,890 - INFO - Loaded 11202 cells, 32344 genes
2026-02-15 14:27:19,292 - INFO - After filtering: 11202 cells, 24919 genes
2026-02-15 14:27:19,294 - INFO - Loading Geneformer model from D:\openclaw\intelligence-augmentation\models\Geneformer\Geneformer-V1-10M
2026-02-15 14:27:19,401 - INFO - Loaded gene dictionary with 63675 genes
2026-02-15 14:27:19,403 - INFO - Using manual tokenization (no Geneformer tokenizer)
Some weights of BertModel were not initialized from the model checkpoint at D:\openclaw\intelligence-augmentation\models\Geneformer\Geneformer-V1-10M and are newly initialized: ['pooler.dense.bias', 'pooler.dense.weight']
You should probably TRAIN this model on a down-stream task to be able to use it for predictions and inference.
2026-02-15 14:27:19,786 - INFO - Successfully loaded Geneformer model
2026-02-15 14:27:19,788 - INFO - Downloading TRRUST reference data
2026-02-15 14:27:26,073 - INFO - Downloaded 9396 TRRUST interactions
2026-02-15 14:27:26,077 - INFO - Processing 200 cells
2026-02-15 14:27:26,078 - INFO - Tokenizing 200 cells
2026-02-15 14:27:28,295 - INFO - Tokenized 200 cells to tensor shape: torch.Size([200, 2048])
2026-02-15 14:27:28,309 - INFO - Extracting attention weights
We strongly recommend passing in an `attention_mask` since your input_ids may be padded. See https://huggingface.co/docs/transformers/troubleshooting#incorrect-output-when-padding-tokens-arent-masked.
2026-02-15 14:27:28,856 - ERROR - Error processing 200 cells: index out of range in self
2026-02-15 14:27:28,857 - INFO - Processing 500 cells
2026-02-15 14:27:28,858 - INFO - Tokenizing 500 cells
2026-02-15 14:27:34,969 - INFO - Tokenized 500 cells to tensor shape: torch.Size([500, 2048])
2026-02-15 14:27:35,112 - INFO - Extracting attention weights
2026-02-15 14:27:35,738 - ERROR - Error processing 500 cells: index out of range in self
2026-02-15 14:27:35,740 - INFO - Processing 1000 cells
2026-02-15 14:27:35,742 - INFO - Tokenizing 1000 cells
2026-02-15 14:27:47,128 - INFO - Tokenized 1000 cells to tensor shape: torch.Size([1000, 2048])
2026-02-15 14:27:47,186 - INFO - Extracting attention weights
2026-02-15 14:27:47,188 - ERROR - Error processing 1000 cells: index out of range in self
2026-02-15 14:27:47,190 - INFO - Saving results
2026-02-15 14:27:47,262 - INFO - Results saved to D:\openclaw\biodyn-nmi-paper\multi_model_proper
2026-02-15 14:27:47,300 - INFO - Geneformer GRN validation completed successfully
