2026-02-15 14:08:47,913 - INFO - Starting Geneformer GRN validation
2026-02-15 14:08:47,950 - INFO - Data: D:/openclaw/intelligence-augmentation/data/brain_scrna/DLPFC_11k.h5ad
2026-02-15 14:08:47,988 - INFO - Model: D:/openclaw/intelligence-augmentation/models/Geneformer/Geneformer-V1-10M
2026-02-15 14:08:48,027 - INFO - Output: D:/openclaw/biodyn-nmi-paper/multi_model_proper
2026-02-15 14:08:48,064 - INFO - Cell counts: [200, 500, 1000]
2026-02-15 14:08:48,103 - INFO - Using device: cpu
2026-02-15 14:08:48,141 - INFO - Starting GRN validation pipeline
2026-02-15 14:08:48,143 - INFO - Loading data from D:\openclaw\intelligence-augmentation\data\brain_scrna\DLPFC_11k.h5ad
2026-02-15 14:08:56,006 - INFO - Loaded 11202 cells, 32344 genes
2026-02-15 14:09:08,876 - INFO - After filtering: 11202 cells, 24919 genes
2026-02-15 14:09:09,068 - INFO - Loading Geneformer model from D:\openclaw\intelligence-augmentation\models\Geneformer\Geneformer-V1-10M
2026-02-15 14:09:09,716 - INFO - Loaded gene dictionary with 63675 genes
2026-02-15 14:09:09,717 - INFO - Using manual tokenization (no Geneformer tokenizer)
Some weights of BertModel were not initialized from the model checkpoint at D:\openclaw\intelligence-augmentation\models\Geneformer\Geneformer-V1-10M and are newly initialized: ['pooler.dense.bias', 'pooler.dense.weight']
You should probably TRAIN this model on a down-stream task to be able to use it for predictions and inference.
2026-02-15 14:09:10,080 - INFO - Successfully loaded Geneformer model
2026-02-15 14:09:10,082 - INFO - Downloading TRRUST reference data
2026-02-15 14:09:15,493 - INFO - Downloaded 9396 TRRUST interactions
2026-02-15 14:09:15,496 - INFO - Processing 200 cells
2026-02-15 14:09:15,498 - INFO - Tokenizing 200 cells
2026-02-15 14:09:17,818 - INFO - Tokenized 200 cells to tensor shape: torch.Size([200, 2048])
2026-02-15 14:09:17,830 - INFO - Extracting attention weights
2026-02-15 14:09:17,986 - ERROR - Error processing 200 cells: index out of range in self
2026-02-15 14:09:17,988 - INFO - Processing 500 cells
2026-02-15 14:09:17,989 - INFO - Tokenizing 500 cells
2026-02-15 14:09:24,761 - INFO - Tokenized 500 cells to tensor shape: torch.Size([500, 2048])
2026-02-15 14:09:24,789 - INFO - Extracting attention weights
We strongly recommend passing in an `attention_mask` since your input_ids may be padded. See https://huggingface.co/docs/transformers/troubleshooting#incorrect-output-when-padding-tokens-arent-masked.
2026-02-15 14:09:24,830 - ERROR - Error processing 500 cells: index out of range in self
2026-02-15 14:09:24,833 - INFO - Processing 1000 cells
2026-02-15 14:09:24,834 - INFO - Tokenizing 1000 cells
2026-02-15 14:09:36,395 - INFO - Tokenized 1000 cells to tensor shape: torch.Size([1000, 2048])
2026-02-15 14:09:37,660 - INFO - Extracting attention weights
2026-02-15 14:09:37,690 - ERROR - Error processing 1000 cells: index out of range in self
2026-02-15 14:09:37,698 - INFO - Saving results
2026-02-15 14:09:37,761 - INFO - Results saved to D:\openclaw\biodyn-nmi-paper\multi_model_proper
2026-02-15 14:09:38,232 - INFO - Geneformer GRN validation completed successfully
