2026-02-14 13:27:30,637 - INFO - Starting Geneformer GRN validation
2026-02-14 13:27:30,639 - INFO - Data: D:/openclaw/intelligence-augmentation/data/brain_scrna/DLPFC_11k.h5ad
2026-02-14 13:27:30,640 - INFO - Model: D:/openclaw/intelligence-augmentation/models/Geneformer/Geneformer-V1-10M
2026-02-14 13:27:30,641 - INFO - Output: D:/openclaw/biodyn-nmi-paper/multi_model_proper
2026-02-14 13:27:30,642 - INFO - Cell counts: [200, 500, 1000]
2026-02-14 13:27:31,784 - INFO - Using device: cuda
2026-02-14 13:27:31,785 - INFO - Starting GRN validation pipeline
2026-02-14 13:27:31,786 - INFO - Loading data from D:\openclaw\intelligence-augmentation\data\brain_scrna\DLPFC_11k.h5ad
2026-02-14 13:27:33,920 - INFO - Loaded 11202 cells, 32344 genes
2026-02-14 13:27:36,868 - INFO - After filtering: 11202 cells, 24919 genes
2026-02-14 13:27:36,869 - INFO - Loading Geneformer model from D:\openclaw\intelligence-augmentation\models\Geneformer\Geneformer-V1-10M
2026-02-14 13:27:36,892 - INFO - Loaded gene dictionary with 63675 genes
2026-02-14 13:27:36,894 - INFO - Using manual tokenization (no Geneformer tokenizer)
Some weights of BertModel were not initialized from the model checkpoint at D:\openclaw\intelligence-augmentation\models\Geneformer\Geneformer-V1-10M and are newly initialized: ['pooler.dense.bias', 'pooler.dense.weight']
You should probably TRAIN this model on a down-stream task to be able to use it for predictions and inference.
2026-02-14 13:27:37,816 - INFO - Successfully loaded Geneformer model
2026-02-14 13:27:38,168 - INFO - Downloading TRRUST reference data
2026-02-14 13:27:43,634 - INFO - Downloaded 9396 TRRUST interactions
2026-02-14 13:27:43,636 - INFO - Processing 200 cells
2026-02-14 13:27:43,637 - INFO - Tokenizing 200 cells
2026-02-14 13:27:45,616 - ERROR - Error processing 200 cells: 'str' object cannot be interpreted as an integer
2026-02-14 13:27:45,893 - INFO - Processing 500 cells
2026-02-14 13:27:45,924 - INFO - Tokenizing 500 cells
2026-02-14 13:27:50,590 - ERROR - Error processing 500 cells: 'str' object cannot be interpreted as an integer
2026-02-14 13:27:50,614 - INFO - Processing 1000 cells
2026-02-14 13:27:50,615 - INFO - Tokenizing 1000 cells
2026-02-14 13:27:58,756 - ERROR - Error processing 1000 cells: 'str' object cannot be interpreted as an integer
2026-02-14 13:27:58,808 - INFO - Saving results
2026-02-14 13:27:58,899 - INFO - Results saved to D:\openclaw\biodyn-nmi-paper\multi_model_proper
2026-02-14 13:27:58,904 - INFO - Geneformer GRN validation completed successfully
