2026-02-15 15:12:28,152 - INFO - Starting Geneformer GRN validation
2026-02-15 15:12:28,656 - INFO - Data: D:/openclaw/intelligence-augmentation/data/brain_scrna/DLPFC_11k.h5ad
2026-02-15 15:12:28,694 - INFO - Model: D:/openclaw/intelligence-augmentation/models/Geneformer/Geneformer-V1-10M
2026-02-15 15:12:28,732 - INFO - Output: D:/openclaw/biodyn-nmi-paper/multi_model_proper
2026-02-15 15:12:28,782 - INFO - Cell counts: [200, 500, 1000]
2026-02-15 15:12:28,831 - INFO - Using device: cpu
2026-02-15 15:12:28,880 - INFO - Starting GRN validation pipeline
2026-02-15 15:12:28,883 - INFO - Loading data from D:\openclaw\intelligence-augmentation\data\brain_scrna\DLPFC_11k.h5ad
2026-02-15 15:12:37,465 - INFO - Loaded 11202 cells, 32344 genes
2026-02-15 15:13:06,236 - INFO - After filtering: 11202 cells, 24919 genes
2026-02-15 15:13:06,268 - INFO - Loading Geneformer model from D:\openclaw\intelligence-augmentation\models\Geneformer\Geneformer-V1-10M
2026-02-15 15:13:06,381 - INFO - Loaded gene dictionary with 63675 genes
2026-02-15 15:13:06,383 - INFO - Using manual tokenization (no Geneformer tokenizer)
Some weights of BertModel were not initialized from the model checkpoint at D:\openclaw\intelligence-augmentation\models\Geneformer\Geneformer-V1-10M and are newly initialized: ['pooler.dense.bias', 'pooler.dense.weight']
You should probably TRAIN this model on a down-stream task to be able to use it for predictions and inference.
2026-02-15 15:13:06,859 - INFO - Successfully loaded Geneformer model
2026-02-15 15:13:06,861 - INFO - Downloading TRRUST reference data
2026-02-15 15:13:14,194 - INFO - Downloaded 9396 TRRUST interactions
2026-02-15 15:13:14,202 - INFO - Processing 200 cells
2026-02-15 15:13:14,204 - INFO - Tokenizing 200 cells
2026-02-15 15:13:19,872 - INFO - Tokenized 200 cells to tensor shape: torch.Size([200, 2048])
2026-02-15 15:13:19,903 - INFO - Extracting attention weights
