This is pdfTeX, Version 3.141592653-2.6-1.40.25 (TeX Live 2023/Debian) (preloaded format=pdflatex 2026.2.13)  16 FEB 2026 00:44
entering extended mode
 restricted \write18 enabled.
 %&-line parsing enabled.
**main.tex
(./main.tex
LaTeX2e <2023-11-01> patch level 1
L3 programming layer <2024-01-22>
(/usr/share/texlive/texmf-dist/tex/latex/base/article.cls
Document Class: article 2023/05/17 v1.4n Standard LaTeX document class
(/usr/share/texlive/texmf-dist/tex/latex/base/size10.clo
File: size10.clo 2023/05/17 v1.4n Standard LaTeX file (size option)
)
\c@part=\count187
\c@section=\count188
\c@subsection=\count189
\c@subsubsection=\count190
\c@paragraph=\count191
\c@subparagraph=\count192
\c@figure=\count193
\c@table=\count194
\abovecaptionskip=\skip48
\belowcaptionskip=\skip49
\bibindent=\dimen140
)
(/usr/share/texlive/texmf-dist/tex/latex/base/inputenc.sty
Package: inputenc 2021/02/14 v1.3d Input encoding file
\inpenc@prehook=\toks17
\inpenc@posthook=\toks18
)
(/usr/share/texlive/texmf-dist/tex/latex/base/fontenc.sty
Package: fontenc 2021/04/29 v2.0v Standard LaTeX package
)
(/usr/share/texlive/texmf-dist/tex/latex/amsmath/amsmath.sty
Package: amsmath 2023/05/13 v2.17o AMS math features
\@mathmargin=\skip50

For additional information on amsmath, use the `?' option.
(/usr/share/texlive/texmf-dist/tex/latex/amsmath/amstext.sty
Package: amstext 2021/08/26 v2.01 AMS text

(/usr/share/texlive/texmf-dist/tex/latex/amsmath/amsgen.sty
File: amsgen.sty 1999/11/30 v2.0 generic functions
\@emptytoks=\toks19
\ex@=\dimen141
))
(/usr/share/texlive/texmf-dist/tex/latex/amsmath/amsbsy.sty
Package: amsbsy 1999/11/29 v1.2d Bold Symbols
\pmbraise@=\dimen142
)
(/usr/share/texlive/texmf-dist/tex/latex/amsmath/amsopn.sty
Package: amsopn 2022/04/08 v2.04 operator names
)
\inf@bad=\count195
LaTeX Info: Redefining \frac on input line 234.
\uproot@=\count196
\leftroot@=\count197
LaTeX Info: Redefining \overline on input line 399.
LaTeX Info: Redefining \colon on input line 410.
\classnum@=\count198
\DOTSCASE@=\count199
LaTeX Info: Redefining \ldots on input line 496.
LaTeX Info: Redefining \dots on input line 499.
LaTeX Info: Redefining \cdots on input line 620.
\Mathstrutbox@=\box51
\strutbox@=\box52
LaTeX Info: Redefining \big on input line 722.
LaTeX Info: Redefining \Big on input line 723.
LaTeX Info: Redefining \bigg on input line 724.
LaTeX Info: Redefining \Bigg on input line 725.
\big@size=\dimen143
LaTeX Font Info:    Redeclaring font encoding OML on input line 743.
LaTeX Font Info:    Redeclaring font encoding OMS on input line 744.
\macc@depth=\count266
LaTeX Info: Redefining \bmod on input line 905.
LaTeX Info: Redefining \pmod on input line 910.
LaTeX Info: Redefining \smash on input line 940.
LaTeX Info: Redefining \relbar on input line 970.
LaTeX Info: Redefining \Relbar on input line 971.
\c@MaxMatrixCols=\count267
\dotsspace@=\muskip16
\c@parentequation=\count268
\dspbrk@lvl=\count269
\tag@help=\toks20
\row@=\count270
\column@=\count271
\maxfields@=\count272
\andhelp@=\toks21
\eqnshift@=\dimen144
\alignsep@=\dimen145
\tagshift@=\dimen146
\tagwidth@=\dimen147
\totwidth@=\dimen148
\lineht@=\dimen149
\@envbody=\toks22
\multlinegap=\skip51
\multlinetaggap=\skip52
\mathdisplay@stack=\toks23
LaTeX Info: Redefining \[ on input line 2953.
LaTeX Info: Redefining \] on input line 2954.
)
(/usr/share/texlive/texmf-dist/tex/latex/amsfonts/amssymb.sty
Package: amssymb 2013/01/14 v3.01 AMS font symbols

(/usr/share/texlive/texmf-dist/tex/latex/amsfonts/amsfonts.sty
Package: amsfonts 2013/01/14 v3.01 Basic AMSFonts support
\symAMSa=\mathgroup4
\symAMSb=\mathgroup5
LaTeX Font Info:    Redeclaring math symbol \hbar on input line 98.
LaTeX Font Info:    Overwriting math alphabet `\mathfrak' in version `bold'
(Font)                  U/euf/m/n --> U/euf/b/n on input line 106.
))
(/usr/share/texlive/texmf-dist/tex/latex/graphics/graphicx.sty
Package: graphicx 2021/09/16 v1.2d Enhanced LaTeX Graphics (DPC,SPQR)

(/usr/share/texlive/texmf-dist/tex/latex/graphics/keyval.sty
Package: keyval 2022/05/29 v1.15 key=value parser (DPC)
\KV@toks@=\toks24
)
(/usr/share/texlive/texmf-dist/tex/latex/graphics/graphics.sty
Package: graphics 2022/03/10 v1.4e Standard LaTeX Graphics (DPC,SPQR)

(/usr/share/texlive/texmf-dist/tex/latex/graphics/trig.sty
Package: trig 2021/08/11 v1.11 sin cos tan (DPC)
)
(/usr/share/texlive/texmf-dist/tex/latex/graphics-cfg/graphics.cfg
File: graphics.cfg 2016/06/04 v1.11 sample graphics configuration
)
Package graphics Info: Driver file: pdftex.def on input line 107.

(/usr/share/texlive/texmf-dist/tex/latex/graphics-def/pdftex.def
File: pdftex.def 2022/09/22 v1.2b Graphics/color driver for pdftex
))
\Gin@req@height=\dimen150
\Gin@req@width=\dimen151
)
(/usr/share/texlive/texmf-dist/tex/latex/booktabs/booktabs.sty
Package: booktabs 2020/01/12 v1.61803398 Publication quality tables
\heavyrulewidth=\dimen152
\lightrulewidth=\dimen153
\cmidrulewidth=\dimen154
\belowrulesep=\dimen155
\belowbottomsep=\dimen156
\aboverulesep=\dimen157
\abovetopsep=\dimen158
\cmidrulesep=\dimen159
\cmidrulekern=\dimen160
\defaultaddspace=\dimen161
\@cmidla=\count273
\@cmidlb=\count274
\@aboverulesep=\dimen162
\@belowrulesep=\dimen163
\@thisruleclass=\count275
\@lastruleclass=\count276
\@thisrulewidth=\dimen164
)
(/usr/share/texlive/texmf-dist/tex/latex/natbib/natbib.sty
Package: natbib 2010/09/13 8.31b (PWD, AO)
\bibhang=\skip53
\bibsep=\skip54
LaTeX Info: Redefining \cite on input line 694.
\c@NAT@ctr=\count277
)
(/usr/share/texlive/texmf-dist/tex/latex/geometry/geometry.sty
Package: geometry 2020/01/02 v5.9 Page Geometry

(/usr/share/texlive/texmf-dist/tex/generic/iftex/ifvtex.sty
Package: ifvtex 2019/10/25 v1.7 ifvtex legacy package. Use iftex instead.

(/usr/share/texlive/texmf-dist/tex/generic/iftex/iftex.sty
Package: iftex 2022/02/03 v1.0f TeX engine tests
))
\Gm@cnth=\count278
\Gm@cntv=\count279
\c@Gm@tempcnt=\count280
\Gm@bindingoffset=\dimen165
\Gm@wd@mp=\dimen166
\Gm@odd@mp=\dimen167
\Gm@even@mp=\dimen168
\Gm@layoutwidth=\dimen169
\Gm@layoutheight=\dimen170
\Gm@layouthoffset=\dimen171
\Gm@layoutvoffset=\dimen172
\Gm@dimlist=\toks25
)
(/usr/share/texlive/texmf-dist/tex/latex/caption/caption.sty
Package: caption 2023/08/05 v3.6o Customizing captions (AR)

(/usr/share/texlive/texmf-dist/tex/latex/caption/caption3.sty
Package: caption3 2023/07/31 v2.4d caption3 kernel (AR)
\caption@tempdima=\dimen173
\captionmargin=\dimen174
\caption@leftmargin=\dimen175
\caption@rightmargin=\dimen176
\caption@width=\dimen177
\caption@indent=\dimen178
\caption@parindent=\dimen179
\caption@hangindent=\dimen180
Package caption Info: Standard document class detected.
)
\c@caption@flags=\count281
\c@continuedfloat=\count282
)
(/usr/share/texlive/texmf-dist/tex/latex/caption/subcaption.sty
Package: subcaption 2023/07/28 v1.6b Sub-captions (AR)
Package caption Info: New subtype `subfigure' on input line 238.
\c@subfigure=\count283
Package caption Info: New subtype `subtable' on input line 238.
\c@subtable=\count284
)
(/usr/share/texlive/texmf-dist/tex/latex/hyperref/hyperref.sty
Package: hyperref 2024-01-20 v7.01h Hypertext links for LaTeX

(/usr/share/texlive/texmf-dist/tex/latex/kvsetkeys/kvsetkeys.sty
Package: kvsetkeys 2022-10-05 v1.19 Key value parser (HO)
)
(/usr/share/texlive/texmf-dist/tex/generic/kvdefinekeys/kvdefinekeys.sty
Package: kvdefinekeys 2019-12-19 v1.6 Define keys (HO)
)
(/usr/share/texlive/texmf-dist/tex/generic/pdfescape/pdfescape.sty
Package: pdfescape 2019/12/09 v1.15 Implements pdfTeX's escape features (HO)

(/usr/share/texlive/texmf-dist/tex/generic/ltxcmds/ltxcmds.sty
Package: ltxcmds 2023-12-04 v1.26 LaTeX kernel commands for general use (HO)
)
(/usr/share/texlive/texmf-dist/tex/generic/pdftexcmds/pdftexcmds.sty
Package: pdftexcmds 2020-06-27 v0.33 Utility functions of pdfTeX for LuaTeX (HO
)

(/usr/share/texlive/texmf-dist/tex/generic/infwarerr/infwarerr.sty
Package: infwarerr 2019/12/03 v1.5 Providing info/warning/error messages (HO)
)
Package pdftexcmds Info: \pdf@primitive is available.
Package pdftexcmds Info: \pdf@ifprimitive is available.
Package pdftexcmds Info: \pdfdraftmode found.
))
(/usr/share/texlive/texmf-dist/tex/latex/hycolor/hycolor.sty
Package: hycolor 2020-01-27 v1.10 Color options for hyperref/bookmark (HO)
)
(/usr/share/texlive/texmf-dist/tex/latex/auxhook/auxhook.sty
Package: auxhook 2019-12-17 v1.6 Hooks for auxiliary files (HO)
)
(/usr/share/texlive/texmf-dist/tex/latex/hyperref/nameref.sty
Package: nameref 2023-11-26 v2.56 Cross-referencing by name of section

(/usr/share/texlive/texmf-dist/tex/latex/refcount/refcount.sty
Package: refcount 2019/12/15 v3.6 Data extraction from label references (HO)
)
(/usr/share/texlive/texmf-dist/tex/generic/gettitlestring/gettitlestring.sty
Package: gettitlestring 2019/12/15 v1.6 Cleanup title references (HO)

(/usr/share/texlive/texmf-dist/tex/latex/kvoptions/kvoptions.sty
Package: kvoptions 2022-06-15 v3.15 Key value format for package options (HO)
))
\c@section@level=\count285
)
(/usr/share/texlive/texmf-dist/tex/latex/etoolbox/etoolbox.sty
Package: etoolbox 2020/10/05 v2.5k e-TeX tools for LaTeX (JAW)
\etb@tempcnta=\count286
)
\@linkdim=\dimen181
\Hy@linkcounter=\count287
\Hy@pagecounter=\count288

(/usr/share/texlive/texmf-dist/tex/latex/hyperref/pd1enc.def
File: pd1enc.def 2024-01-20 v7.01h Hyperref: PDFDocEncoding definition (HO)
Now handling font encoding PD1 ...
... no UTF-8 mapping file for font encoding PD1
)
(/usr/share/texlive/texmf-dist/tex/generic/intcalc/intcalc.sty
Package: intcalc 2019/12/15 v1.3 Expandable calculations with integers (HO)
)
\Hy@SavedSpaceFactor=\count289

(/usr/share/texlive/texmf-dist/tex/latex/hyperref/puenc.def
File: puenc.def 2024-01-20 v7.01h Hyperref: PDF Unicode definition (HO)
Now handling font encoding PU ...
... no UTF-8 mapping file for font encoding PU
)
Package hyperref Info: Hyper figures OFF on input line 4179.
Package hyperref Info: Link nesting OFF on input line 4184.
Package hyperref Info: Hyper index ON on input line 4187.
Package hyperref Info: Plain pages OFF on input line 4194.
Package hyperref Info: Backreferencing OFF on input line 4199.
Package hyperref Info: Implicit mode ON; LaTeX internals redefined.
Package hyperref Info: Bookmarks ON on input line 4446.
\c@Hy@tempcnt=\count290

(/usr/share/texlive/texmf-dist/tex/latex/url/url.sty
\Urlmuskip=\muskip17
Package: url 2013/09/16  ver 3.4  Verb mode for urls, etc.
)
LaTeX Info: Redefining \url on input line 4784.
\XeTeXLinkMargin=\dimen182

(/usr/share/texlive/texmf-dist/tex/generic/bitset/bitset.sty
Package: bitset 2019/12/09 v1.3 Handle bit-vector datatype (HO)

(/usr/share/texlive/texmf-dist/tex/generic/bigintcalc/bigintcalc.sty
Package: bigintcalc 2019/12/15 v1.5 Expandable calculations on big integers (HO
)
))
\Fld@menulength=\count291
\Field@Width=\dimen183
\Fld@charsize=\dimen184
Package hyperref Info: Hyper figures OFF on input line 6063.
Package hyperref Info: Link nesting OFF on input line 6068.
Package hyperref Info: Hyper index ON on input line 6071.
Package hyperref Info: backreferencing OFF on input line 6078.
Package hyperref Info: Link coloring OFF on input line 6083.
Package hyperref Info: Link coloring with OCG OFF on input line 6088.
Package hyperref Info: PDF/A mode OFF on input line 6093.

(/usr/share/texlive/texmf-dist/tex/latex/base/atbegshi-ltx.sty
Package: atbegshi-ltx 2021/01/10 v1.0c Emulation of the original atbegshi
package with kernel methods
)
\Hy@abspage=\count292
\c@Item=\count293
\c@Hfootnote=\count294
)
Package hyperref Info: Driver (autodetected): hpdftex.

(/usr/share/texlive/texmf-dist/tex/latex/hyperref/hpdftex.def
File: hpdftex.def 2024-01-20 v7.01h Hyperref driver for pdfTeX

(/usr/share/texlive/texmf-dist/tex/latex/base/atveryend-ltx.sty
Package: atveryend-ltx 2020/08/19 v1.0a Emulation of the original atveryend pac
kage
with kernel methods
)
\Fld@listcount=\count295
\c@bookmark@seq@number=\count296

(/usr/share/texlive/texmf-dist/tex/latex/rerunfilecheck/rerunfilecheck.sty
Package: rerunfilecheck 2022-07-10 v1.10 Rerun checks for auxiliary files (HO)

(/usr/share/texlive/texmf-dist/tex/generic/uniquecounter/uniquecounter.sty
Package: uniquecounter 2019/12/15 v1.4 Provide unlimited unique counter (HO)
)
Package uniquecounter Info: New unique counter `rerunfilecheck' on input line 2
85.
)
\Hy@SectionHShift=\skip55
)
(/usr/share/texlive/texmf-dist/tex/latex/siunitx/siunitx.sty
Package: siunitx 2024-01-25 v3.3.10 A comprehensive (SI) units package
\l__siunitx_number_uncert_offset_int=\count297
\l__siunitx_number_exponent_fixed_int=\count298
\l__siunitx_number_min_decimal_int=\count299
\l__siunitx_number_min_integer_int=\count300
\l__siunitx_number_round_precision_int=\count301
\l__siunitx_number_lower_threshold_int=\count302
\l__siunitx_number_upper_threshold_int=\count303
\l__siunitx_number_group_first_int=\count304
\l__siunitx_number_group_size_int=\count305
\l__siunitx_number_group_minimum_int=\count306
\l__siunitx_angle_tmp_dim=\dimen185
\l__siunitx_angle_marker_box=\box53
\l__siunitx_angle_unit_box=\box54
\l__siunitx_compound_count_int=\count307

(/usr/share/texlive/texmf-dist/tex/latex/translations/translations.sty
Package: translations 2022/02/05 v1.12 internationalization of LaTeX2e packages
 (CN)
)
\l__siunitx_table_tmp_box=\box55
\l__siunitx_table_tmp_dim=\dimen186
\l__siunitx_table_column_width_dim=\dimen187
\l__siunitx_table_integer_box=\box56
\l__siunitx_table_decimal_box=\box57
\l__siunitx_table_uncert_box=\box58
\l__siunitx_table_before_box=\box59
\l__siunitx_table_after_box=\box60
\l__siunitx_table_before_dim=\dimen188
\l__siunitx_table_carry_dim=\dimen189
\l__siunitx_unit_tmp_int=\count308
\l__siunitx_unit_position_int=\count309
\l__siunitx_unit_total_int=\count310

(/usr/share/texlive/texmf-dist/tex/latex/tools/array.sty
Package: array 2023/10/16 v2.5g Tabular extension package (FMi)
\col@sep=\dimen190
\ar@mcellbox=\box61
\extrarowheight=\dimen191
\NC@list=\toks26
\extratabsurround=\skip56
\backup@length=\skip57
\ar@cellbox=\box62
))
(/usr/share/texlive/texmf-dist/tex/latex/algorithms/algorithmic.sty
Package: algorithmic 2009/08/24 v0.1 Document Style `algorithmic'

(/usr/share/texlive/texmf-dist/tex/latex/base/ifthen.sty
Package: ifthen 2022/04/13 v1.1d Standard LaTeX ifthen package (DPC)
)
\c@ALC@unique=\count311
\c@ALC@line=\count312
\c@ALC@rem=\count313
\c@ALC@depth=\count314
\ALC@tlm=\skip58
\algorithmicindent=\skip59
)
(/usr/share/texlive/texmf-dist/tex/latex/algorithms/algorithm.sty
Package: algorithm 2009/08/24 v0.1 Document Style `algorithm' - floating enviro
nment

(/usr/share/texlive/texmf-dist/tex/latex/float/float.sty
Package: float 2001/11/08 v1.3d Float enhancements (AL)
\c@float@type=\count315
\float@exts=\toks27
\float@box=\box63
\@float@everytoks=\toks28
\@floatcapt=\box64
)
\@float@every@algorithm=\toks29
\c@algorithm=\count316
)
(/usr/share/texlive/texmf-dist/tex/latex/xcolor/xcolor.sty
Package: xcolor 2023/11/15 v3.01 LaTeX color extensions (UK)

(/usr/share/texlive/texmf-dist/tex/latex/graphics-cfg/color.cfg
File: color.cfg 2016/01/02 v1.6 sample color configuration
)
Package xcolor Info: Driver file: pdftex.def on input line 274.

(/usr/share/texlive/texmf-dist/tex/latex/graphics/mathcolor.ltx)
Package xcolor Info: Model `cmy' substituted by `cmy0' on input line 1350.
Package xcolor Info: Model `hsb' substituted by `rgb' on input line 1354.
Package xcolor Info: Model `RGB' extended on input line 1366.
Package xcolor Info: Model `HTML' substituted by `rgb' on input line 1368.
Package xcolor Info: Model `Hsb' substituted by `hsb' on input line 1369.
Package xcolor Info: Model `tHsb' substituted by `hsb' on input line 1370.
Package xcolor Info: Model `HSB' substituted by `hsb' on input line 1371.
Package xcolor Info: Model `Gray' substituted by `gray' on input line 1372.
Package xcolor Info: Model `wave' substituted by `hsb' on input line 1373.
)
Package translations Info: No language package found. I am going to use `englis
h' as default language. on input line 32.

(/usr/share/texlive/texmf-dist/tex/latex/l3backend/l3backend-pdftex.def
File: l3backend-pdftex.def 2024-01-04 L3 backend support: PDF output (pdfTeX)
\l__color_backend_stack_int=\count317
\l__pdf_internal_box=\box65
)
(./main.aux)
\openout1 = `main.aux'.

LaTeX Font Info:    Checking defaults for OML/cmm/m/it on input line 32.
LaTeX Font Info:    ... okay on input line 32.
LaTeX Font Info:    Checking defaults for OMS/cmsy/m/n on input line 32.
LaTeX Font Info:    ... okay on input line 32.
LaTeX Font Info:    Checking defaults for OT1/cmr/m/n on input line 32.
LaTeX Font Info:    ... okay on input line 32.
LaTeX Font Info:    Checking defaults for T1/cmr/m/n on input line 32.
LaTeX Font Info:    ... okay on input line 32.
LaTeX Font Info:    Checking defaults for TS1/cmr/m/n on input line 32.
LaTeX Font Info:    ... okay on input line 32.
LaTeX Font Info:    Checking defaults for OMX/cmex/m/n on input line 32.
LaTeX Font Info:    ... okay on input line 32.
LaTeX Font Info:    Checking defaults for U/cmr/m/n on input line 32.
LaTeX Font Info:    ... okay on input line 32.
LaTeX Font Info:    Checking defaults for PD1/pdf/m/n on input line 32.
LaTeX Font Info:    ... okay on input line 32.
LaTeX Font Info:    Checking defaults for PU/pdf/m/n on input line 32.
LaTeX Font Info:    ... okay on input line 32.
 (/usr/share/texlive/texmf-dist/tex/context/base/mkii/supp-pdf.mkii
[Loading MPS to PDF converter (version 2006.09.02).]
\scratchcounter=\count318
\scratchdimen=\dimen192
\scratchbox=\box66
\nofMPsegments=\count319
\nofMParguments=\count320
\everyMPshowfont=\toks30
\MPscratchCnt=\count321
\MPscratchDim=\dimen193
\MPnumerator=\count322
\makeMPintoPDFobject=\count323
\everyMPtoPDFconversion=\toks31
) (/usr/share/texlive/texmf-dist/tex/latex/epstopdf-pkg/epstopdf-base.sty
Package: epstopdf-base 2020-01-24 v2.11 Base part for package epstopdf
Package epstopdf-base Info: Redefining graphics rule for `.eps' on input line 4
85.

(/usr/share/texlive/texmf-dist/tex/latex/latexconfig/epstopdf-sys.cfg
File: epstopdf-sys.cfg 2010/07/13 v1.3 Configuration of (r)epstopdf for TeX Liv
e
))
*geometry* driver: auto-detecting
*geometry* detected driver: pdftex
*geometry* verbose mode - [ preamble ] result:
* driver: pdftex
* paper: <default>
* layout: <same size as paper>
* layoutoffset:(h,v)=(0.0pt,0.0pt)
* modes: 
* h-part:(L,W,R)=(57.81621pt, 498.66258pt, 57.81621pt)
* v-part:(T,H,B)=(57.81621pt, 679.33757pt, 57.81621pt)
* \paperwidth=614.295pt
* \paperheight=794.96999pt
* \textwidth=498.66258pt
* \textheight=679.33757pt
* \oddsidemargin=-14.45378pt
* \evensidemargin=-14.45378pt
* \topmargin=-51.45378pt
* \headheight=12.0pt
* \headsep=25.0pt
* \topskip=10.0pt
* \footskip=30.0pt
* \marginparwidth=4.0pt
* \marginparsep=10.0pt
* \columnsep=10.0pt
* \skip\footins=9.0pt plus 4.0pt minus 2.0pt
* \hoffset=0.0pt
* \voffset=0.0pt
* \mag=1000
* \@twocolumntrue
* \@twosidefalse
* \@mparswitchfalse
* \@reversemarginfalse
* (1in=72.27pt=25.4mm, 1cm=28.453pt)

Package caption Info: Begin \AtBeginDocument code.
Package caption Info: float package is loaded.
Package caption Info: hyperref package is loaded.
Package caption Info: End \AtBeginDocument code.
Package hyperref Info: Link coloring OFF on input line 32.
(./main.out) (./main.out)
\@outlinefile=\write3
\openout3 = `main.out'.


(/usr/share/texlive/texmf-dist/tex/latex/translations/translations-basic-dictio
nary-english.trsl
File: translations-basic-dictionary-english.trsl (english translation file `tra
nslations-basic-dictionary')
)
Package translations Info: loading dictionary `translations-basic-dictionary' f
or `english'. on input line 32.
LaTeX Font Info:    Trying to load font information for U+msa on input line 35.

 (/usr/share/texlive/texmf-dist/tex/latex/amsfonts/umsa.fd
File: umsa.fd 2013/01/14 v3.01 AMS symbols A
)
LaTeX Font Info:    Trying to load font information for U+msb on input line 35.


(/usr/share/texlive/texmf-dist/tex/latex/amsfonts/umsb.fd
File: umsb.fd 2013/01/14 v3.01 AMS symbols B
)
LaTeX Font Info:    Trying to load font information for T1+cmtt on input line 3
5.

(/usr/share/texlive/texmf-dist/tex/latex/base/t1cmtt.fd
File: t1cmtt.fd 2023/04/13 v2.5m Standard LaTeX font definitions
)
Underfull \hbox (badness 1137) in paragraph at lines 46--47
\T1/cmr/m/n/10 gene reg-u-la-tory re-la-tion-ships are context-dependent,
 []


Underfull \hbox (badness 2564) in paragraph at lines 48--49
[]\T1/cmr/m/n/10 Current mech-a-nis-tic in-ter-pretabil-ity prac-tices for
 []

[1{/var/lib/texmf/fonts/map/pdftex/updmap/pdftex.map}


]
Underfull \hbox (badness 1755) in paragraph at lines 52--53
\T1/cmr/bx/n/10 are dom-i-nated by co-expression \T1/cmr/m/n/10 (Sec-tion []3.1
[]).
 []


Underfull \hbox (badness 1097) in paragraph at lines 74--75
\T1/cmr/m/n/10 We con-ducted sys-tem-atic scal-ing ex-per-i-ments us-ing
 []

[2]
Underfull \hbox (badness 3088) in paragraph at lines 122--123
\T1/cmr/m/n/10 We de-vel-oped a coun-ter-fac-tual con-sis-tency frame-
 []

[3]
Underfull \hbox (badness 10000) in paragraph at lines 124--124
[]\T1/cmr/bx/n/12 Cross-Species Or-tholog Trans-fer
 []


Underfull \vbox (badness 1502) has occurred while \output is active []


Underfull \hbox (badness 1424) in paragraph at lines 139--139
[]\T1/cmr/bx/n/12 Uncertainty Cal-i-bra-tion of Edge
 []


Underfull \hbox (badness 4303) in paragraph at lines 142--143
\T1/cmr/m/n/10 We eval-u-ated the cal-i-bra-tion of six edge-scoring
 []

[4]
Underfull \hbox (badness 3482) in paragraph at lines 158--159
\T1/cmr/m/n/10 Motivated by the scal-ing plateau doc-u-mented in
 []


Underfull \hbox (badness 6625) in paragraph at lines 158--159
\T1/cmr/m/n/10 Sec-tion~[]3.4[]---where in-creas-ing cell counts even-tu-
 []


Underfull \hbox (badness 1688) in paragraph at lines 158--159
\T1/cmr/m/n/10 ally de-grades GRN re-cov-ery due to heterogeneity-
 []


Underfull \hbox (badness 1406) in paragraph at lines 164--165
[]\T1/cmr/bx/n/10 Aggregation. \T1/cmr/m/n/10 Com-bine scores via CSSI-max
 []


Underfull \hbox (badness 10000) in paragraph at lines 182--183
\T1/cmr/m/n/10 we con-ducted par-al-lel ex-per-i-ments us-ing Gene-
 []


Underfull \hbox (badness 10000) in paragraph at lines 182--183
\T1/cmr/m/n/10 former~[[]Theodoris et al.[], []2023[]], which em-ploys
 []


Underfull \hbox (badness 1253) in paragraph at lines 182--183
\T1/cmr/m/n/10 rank-based to-k-eniza-tion rather than raw ex-pres-sion
 []


Underfull \hbox (badness 5260) in paragraph at lines 182--183
\T1/cmr/m/n/10 per-formed com-pre-hen-sive 9-point scal-ing be-hav-ior
 []


Underfull \hbox (badness 1077) in paragraph at lines 182--183
\T1/cmr/m/n/10 tasks (attention-derived edges at 50 and 200 cells,
 []

[5]
Underfull \hbox (badness 2012) in paragraph at lines 189--189
[]\T1/cmr/bx/n/12 Core Find-ing: Pooled At-ten-tion
 []


Underfull \hbox (badness 8038) in paragraph at lines 189--189
\T1/cmr/bx/n/12 Edges Are Dom-i-nated by Co-
 []


Underfull \hbox (badness 2261) in paragraph at lines 194--195
\T1/cmr/m/n/10 nif-i-cant cor-re-la-tions with gene--gene ex-pres-sion co-
 []


Underfull \hbox (badness 2635) in paragraph at lines 215--216
\T1/cmr/m/n/10 regulation dis-so-ci-a-tion ex-plains sev-eral key re-sults
 []


Underfull \hbox (badness 1132) in paragraph at lines 222--222
[]\T1/cmr/bx/n/12 Layer-Stratified Anal-y-sis Lo-cal-izes
 []


Underfull \hbox (badness 10000) in paragraph at lines 222--222
\T1/cmr/bx/n/12 Benchmark-Discriminative Sig-nal
 []


Underfull \hbox (badness 1902) in paragraph at lines 225--226
\T1/cmr/m/n/10 at-ten-tion ma-tri-ces con-tain benchmark-discriminative
 []

[6]
<figures/fig_cssi_scaling.png, id=436, 714.0276pt x 285.4665pt>
File: figures/fig_cssi_scaling.png Graphic file (type png)
<use figures/fig_cssi_scaling.png>
Package pdftex.def Info: figures/fig_cssi_scaling.png  used on input line 233.
(pdftex.def)             Requested size: 224.39664pt x 89.71333pt.

Overfull \hbox (56.04579pt too wide) in paragraph at lines 242--254
 [][] 
 []


Overfull \hbox (11.91446pt too wide) in paragraph at lines 262--278
 [][] 
 []


Underfull \hbox (badness 2426) in paragraph at lines 280--281
[]\T1/cmr/m/n/10 At the top-performing lay-ers (L13--L14), pooled
 []


Overfull \hbox (83.18872pt too wide) in paragraph at lines 288--299
 [][] 
 []

[7 <./figures/fig_cssi_scaling.png>]
Underfull \hbox (badness 1406) in paragraph at lines 316--316
[]\T1/cmr/m/n/10 Table 5: |\T1/cmr/bx/n/10 Cross-tissue layer-stratified AU-ROC

 []


Overfull \hbox (17.11774pt too wide) in paragraph at lines 318--339
 [][] 
 []


LaTeX Warning: `h' float specifier changed to `ht'.

[8]
Overfull \hbox (66.89162pt too wide) in paragraph at lines 354--365
 [][] 
 []


Underfull \vbox (badness 10000) has occurred while \output is active []

 [9]
Underfull \hbox (badness 4634) in paragraph at lines 391--391
[]\T1/cmr/bx/n/12 Scaling Plateau and De-cline in
 []


Underfull \hbox (badness 1762) in paragraph at lines 391--391
\T1/cmr/bx/n/12 Attention-Derived GRN Re-cov-ery
 []

<figures/fig_ext_multiseed_scaling_trrust_ci.png, id=476, 542.025pt x 346.896pt
>
File: figures/fig_ext_multiseed_scaling_trrust_ci.png Graphic file (type png)
<use figures/fig_ext_multiseed_scaling_trrust_ci.png>
Package pdftex.def Info: figures/fig_ext_multiseed_scaling_trrust_ci.png  used 
on input line 400.
(pdftex.def)             Requested size: 224.39664pt x 143.61508pt.

Overfull \hbox (153.27127pt too wide) in paragraph at lines 411--420
 [][] 
 []


Underfull \hbox (badness 1776) in paragraph at lines 428--429
[]\T1/cmr/bx/n/10 Alternative ex-pla-na-tion: over-fit-ting ver-sus
 []

[10 <./figures/fig_ext_multiseed_scaling_trrust_ci.png>]
Underfull \hbox (badness 1478) in paragraph at lines 438--439
[]\T1/cmr/bx/n/10 Evidence. \T1/cmr/m/n/10 We eval-u-ated mul-ti-ple base-line 
ap-
 []


Underfull \hbox (badness 1629) in paragraph at lines 442--443
\T1/cmr/m/n/10 all methods---including GE-NIE3 and GRNBoost2---
 []


Underfull \hbox (badness 10000) in paragraph at lines 447--447
[]\T1/cmr/bx/n/12 Preliminary Ev-i-dence of Non-
 []


Underfull \hbox (badness 2189) in paragraph at lines 447--447
\T1/cmr/bx/n/12 Additivity in Me-di-a-tion Anal-y-sis
 []

<figures/fig1_real_residual_nonadditivity.png, id=499, 1004.1515pt x 867.6415pt
>
File: figures/fig1_real_residual_nonadditivity.png Graphic file (type png)
<use figures/fig1_real_residual_nonadditivity.png>
Package pdftex.def Info: figures/fig1_real_residual_nonadditivity.png  used on 
input line 456.
(pdftex.def)             Requested size: 224.39664pt x 193.887pt.
<figures/fig2_ranking_sensitivity.png, id=501, 889.34612pt x 346.47089pt>
File: figures/fig2_ranking_sensitivity.png Graphic file (type png)
<use figures/fig2_ranking_sensitivity.png>
Package pdftex.def Info: figures/fig2_ranking_sensitivity.png  used on input li
ne 465.
(pdftex.def)             Requested size: 224.39664pt x 87.41579pt.
[11 <./figures/fig1_real_residual_nonadditivity.png>]
Underfull \hbox (badness 1776) in paragraph at lines 472--473
[]\T1/cmr/bx/n/10 Biological in-ter-pre-ta-tion. \T1/cmr/m/n/10 The preva-lence
 of
 []

<figures/fig_phase_diagram_regimes.png, id=519, 1200.0835pt x 354.926pt>
File: figures/fig_phase_diagram_regimes.png Graphic file (type png)
<use figures/fig_phase_diagram_regimes.png>
Package pdftex.def Info: figures/fig_phase_diagram_regimes.png  used on input l
ine 484.
(pdftex.def)             Requested size: 224.39664pt x 66.36432pt.

Underfull \hbox (badness 4096) in paragraph at lines 489--490
[]\T1/cmr/m/n/10 Robust es-ti-ma-tion (median-based or Hu-ber M-
 []

<figures/fig_real_data_projection.png, id=523, 528.374pt x 311.564pt>
File: figures/fig_real_data_projection.png Graphic file (type png)
<use figures/fig_real_data_projection.png>
Package pdftex.def Info: figures/fig_real_data_projection.png  used on input li
ne 493.
(pdftex.def)             Requested size: 224.39664pt x 132.32024pt.

Underfull \hbox (badness 10000) in paragraph at lines 498--499
[]\T1/cmr/bx/n/10 Inference. \T1/cmr/m/n/10 The de-tectabil-ity ad-van-tage of
 []


Underfull \hbox (badness 5622) in paragraph at lines 498--499
\T1/cmr/m/n/10 intervention-like sig-nals is real but conditional---
 []

<figures/fig3_cross_tissue_scatter.png, id=526, 860.43811pt x 358.37418pt>
File: figures/fig3_cross_tissue_scatter.png Graphic file (type png)
<use figures/fig3_cross_tissue_scatter.png>
Package pdftex.def Info: figures/fig3_cross_tissue_scatter.png  used on input l
ine 510.
(pdftex.def)             Requested size: 224.39664pt x 93.45943pt.

Underfull \hbox (badness 10000) in paragraph at lines 522--522
[]\T1/cmr/bx/n/12 Condition-Specific Per-tur-ba-tion
 []


Underfull \hbox (badness 1509) in paragraph at lines 525--526
\T1/cmr/bx/n/10 Evidence. \T1/cmr/m/n/10 Coun-ter-fac-tual val-i-da-tion agains
t four
 []


Underfull \hbox (badness 3930) in paragraph at lines 525--526
\T1/cmr/m/n/10 CRISPR per-tur-ba-tion datasets re-vealed condition-
 []

[12 <./figures/fig2_ranking_sensitivity.png> <./figures/fig_phase_diagram_regim
es.png> <./figures/fig_real_data_projection.png>]
Underfull \hbox (badness 1721) in paragraph at lines 531--532
[]\T1/cmr/bx/n/10 Decision im-pli-ca-tion. \T1/cmr/m/n/10 Per-tur-ba-tion val-i
-da-tion
 []


Underfull \hbox (badness 5008) in paragraph at lines 534--534
[]\T1/cmr/bx/n/12 Cross-Species Or-tholog Trans-fer
 []


Underfull \hbox (badness 2418) in paragraph at lines 541--542
[]\T1/cmr/bx/n/10 Evidence. \T1/cmr/m/n/10 Cross-species com-par-i-son of 25,87
6
 []

<figures/fig_ortholog_scatter.png, id=545, 1048.6377pt x 320.1561pt>
File: figures/fig_ortholog_scatter.png Graphic file (type png)
<use figures/fig_ortholog_scatter.png>
Package pdftex.def Info: figures/fig_ortholog_scatter.png  used on input line 5
45.
(pdftex.def)             Requested size: 224.39664pt x 68.50978pt.
[13 <./figures/fig3_cross_tissue_scatter.png> <./figures/fig_ortholog_scatter.p
ng>]
<figures/fig_ortholog_per_tf.png, id=557, 999.9759pt x 426.393pt>
File: figures/fig_ortholog_per_tf.png Graphic file (type png)
<use figures/fig_ortholog_per_tf.png>
Package pdftex.def Info: figures/fig_ortholog_per_tf.png  used on input line 57
0.
(pdftex.def)             Requested size: 224.39664pt x 95.68054pt.

Underfull \hbox (badness 1210) in paragraph at lines 577--578
\T1/cmr/m/n/10 pres-sure, pro-duc-ing con-sti-tu-tive reg-u-la-tory re-la-tion-

 []

<figures/fig_pseudotime_failure.png, id=561, 1058.2737pt x 365.6862pt>
File: figures/fig_pseudotime_failure.png Graphic file (type png)
<use figures/fig_pseudotime_failure.png>
Package pdftex.def Info: figures/fig_pseudotime_failure.png  used on input line
 593.
(pdftex.def)             Requested size: 224.39664pt x 77.53848pt.

Underfull \hbox (badness 2990) in paragraph at lines 594--594
[]\T1/cmr/m/n/10 Figure 10: |\T1/cmr/bx/n/10 Pseu-do-time di-rec-tion-al-ity fa
il-ure.
 []


Underfull \hbox (badness 7907) in paragraph at lines 594--594
\T1/cmr/m/n/10 (A)~Overall di-rec-tional con-sis-tency rate (21.4%).
 []

<figures/fig_pseudotime_nulls.png, id=562, 1076.3412pt x 353.4003pt>
File: figures/fig_pseudotime_nulls.png Graphic file (type png)
<use figures/fig_pseudotime_nulls.png>
Package pdftex.def Info: figures/fig_pseudotime_nulls.png  used on input line 6
02.
(pdftex.def)             Requested size: 224.39664pt x 73.677pt.
[14 <./figures/fig_ortholog_per_tf.png> <./figures/fig_pseudotime_failure.png> 
<./figures/fig_pseudotime_nulls.png>]
<figures/fig_batch_leakage_summary.png, id=574, 1076.3412pt x 357.0138pt>
File: figures/fig_batch_leakage_summary.png Graphic file (type png)
<use figures/fig_batch_leakage_summary.png>
Package pdftex.def Info: figures/fig_batch_leakage_summary.png  used on input l
ine 625.
(pdftex.def)             Requested size: 224.39664pt x 74.43034pt.
<figures/fig_batch_asi_distribution.png, id=576, 858.5676pt x 356.532pt>
File: figures/fig_batch_asi_distribution.png Graphic file (type png)
<use figures/fig_batch_asi_distribution.png>
Package pdftex.def Info: figures/fig_batch_asi_distribution.png  used on input 
line 634.
(pdftex.def)             Requested size: 224.39664pt x 93.1803pt.
 [15 <./figures/fig_batch_leakage_summary.png> <./figures/fig_batch_asi_distrib
ution.png>]
<figures/fig_calibration_reliability.png, id=586, 716.55705pt x 247.1634pt>
File: figures/fig_calibration_reliability.png Graphic file (type png)
<use figures/fig_calibration_reliability.png>
Package pdftex.def Info: figures/fig_calibration_reliability.png  used on input
 line 655.
(pdftex.def)             Requested size: 224.39664pt x 77.40053pt.

Underfull \hbox (badness 2529) in paragraph at lines 660--661
[]\T1/cmr/m/n/10 Post-hoc cal-i-bra-tion dra-mat-i-cally im-proved score
 []

<figures/fig_calibration_conformal.png, id=588, 716.9184pt x 231.9867pt>
File: figures/fig_calibration_conformal.png Graphic file (type png)
<use figures/fig_calibration_conformal.png>
Package pdftex.def Info: figures/fig_calibration_conformal.png  used on input l
ine 666.
(pdftex.def)             Requested size: 224.39664pt x 72.61247pt.

Underfull \hbox (badness 1052) in paragraph at lines 673--674
\T1/cmr/m/n/10 ever, post-hoc cal-i-bra-tion is com-pu-ta-tion-ally triv-ial
 []


Underfull \hbox (badness 1642) in paragraph at lines 685--685
[]\T1/cmr/bx/n/12 Synthetic Ground-Truth In-ter-nal
 []

<figures/synthetic_validation_summary.png, id=595, 946.0143pt x 772.5663pt>
File: figures/synthetic_validation_summary.png Graphic file (type png)
<use figures/synthetic_validation_summary.png>
Package pdftex.def Info: figures/synthetic_validation_summary.png  used on inpu
t line 692.
(pdftex.def)             Requested size: 224.39664pt x 183.25063pt.
[16 <./figures/fig_calibration_reliability.png> <./figures/fig_calibration_conf
ormal.png>]
Underfull \hbox (badness 2343) in paragraph at lines 709--710
\T1/cmr/m/n/10 pro-vides the di-ag-nos-tic con-tri-bu-tion. In scGPT-
 []


Underfull \hbox (badness 1688) in paragraph at lines 709--710
\T1/cmr/m/n/10 a-rates from co-expression across depth, with later
 []


Underfull \hbox (badness 4132) in paragraph at lines 709--710
\T1/cmr/m/n/10 lay-ers (L13--L14) achiev-ing AU-ROC 0.694--0.706---
 []


Underfull \hbox (badness 2269) in paragraph at lines 709--710
\T1/cmr/m/n/10 boost-ing per-for-mance. The architecture-specificity
 []


Underfull \hbox (badness 2065) in paragraph at lines 709--710
\T1/cmr/m/n/10 of this pattern---scGPT-12L dis-tributes sig-nal uni-
 []


Underfull \hbox (badness 1314) in paragraph at lines 711--712
\T1/cmr/m/n/10 the cen-tral cau-tion-ary find-ing. The uni-form per-
 []


Underfull \hbox (badness 2443) in paragraph at lines 713--714
\T1/cmr/m/n/10 de-tec-tion rate, $\OMS/cmsy/m/n/10 ^^F$\T1/cmr/m/n/10 20% tol-e
r-ance, 50 per pos-i-tive),
 []


Underfull \hbox (badness 2126) in paragraph at lines 717--718
[]\T1/cmr/bx/n/10 Reconciling the co-expression find-ing with
 []


Underfull \hbox (badness 1430) in paragraph at lines 717--718
\OMS/cmsy/m/n/10 ^^U$\T1/cmr/m/n/10 0.75), demon-strat-ing that it re-flects ge
ne promi-
 []


Underfull \hbox (badness 1755) in paragraph at lines 717--718
\T1/cmr/m/n/10 u-la-tion. The key dif-fer-ences be-tween Find-ings 1
 []


Underfull \vbox (badness 1270) has occurred while \output is active []

 [17 <./figures/synthetic_validation_summary.png>]
Underfull \hbox (badness 3792) in paragraph at lines 739--740
[]\T1/cmr/bx/n/10 Stratify or-tholog trans-fer by TF class.
 []


Underfull \hbox (badness 10000) in paragraph at lines 739--740
\T1/cmr/m/n/10 Lineage-specifying pro-grams trans-fer re-li-ably;
 []


Underfull \hbox (badness 10000) in paragraph at lines 739--740
\T1/cmr/m/n/10 signaling-responsive pro-grams re-quire species-
 []

[18]
Underfull \hbox (badness 1052) in paragraph at lines 758--759
\T1/cmr/m/n/10 DoRothEA in-clude in-ter-ac-tions orig-i-nally dis-cov-ered
 []


Underfull \hbox (badness 1509) in paragraph at lines 758--759
\T1/cmr/m/n/10 meth-ods. This af-fects both correlation-based and
 []

[19]
Underfull \hbox (badness 3260) in paragraph at lines 780--781
\T1/cmr/m/n/10 Complete anal-y-sis code, fig-ure gen-er-a-tion scripts,
 []


Underfull \hbox (badness 3792) in paragraph at lines 780--781
\T1/cmr/m/n/10 CSSI im-ple-men-ta-tion, and com-pu-ta-tional en-vi-ron-
 []


Underfull \hbox (badness 5316) in paragraph at lines 780--781
\T1/cmr/m/n/10 ment spec-i-fi-ca-tions (in-clud-ing Conda en-vi-ron-ment
 []


Underfull \hbox (badness 4217) in paragraph at lines 780--781
\T1/cmr/m/n/10 files and Docker con-tain-ers for full re-pro-ducibil-
 []


Underfull \hbox (badness 2653) in paragraph at lines 788--789
\T1/cmr/m/n/10 single-cell tran-scrip-tomic datasets (Tab-ula Sapi-ens,
 []

(./appendix_statistical_tests.tex
Underfull \hbox (badness 2486) in paragraph at lines 8--8
\T1/cmr/m/n/10 NMI Pa-per. All p-values re-flect framework-level
 []


Underfull \hbox (badness 10000) in paragraph at lines 18--18
[]|\T1/cmr/m/n/5 100% degra-
 []


Underfull \hbox (badness 10000) in paragraph at lines 19--19
[]|\T1/cmr/m/n/5 Wilcoxon signed-
 []


Underfull \hbox (badness 10000) in paragraph at lines 20--20
[]|\T1/cmr/m/n/5 Scaling fail-ure
 []


Underfull \hbox (badness 10000) in paragraph at lines 20--20
[]|\T1/cmr/m/n/5 100% degra-
 []


Underfull \hbox (badness 10000) in paragraph at lines 21--21
[]|\T1/cmr/m/n/5 10,000
 []


Underfull \hbox (badness 10000) in paragraph at lines 21--21
\T1/cmr/m/n/5 re-sam-
 []


Underfull \hbox (badness 1194) in paragraph at lines 22--22
[]|\T1/cmr/m/n/5 Robustness degra-
 []


Underfull \hbox (badness 1515) in paragraph at lines 22--22
[]|\T1/cmr/m/n/5 Seed sta-bil-ity main-tained with
 []


Underfull \hbox (badness 10000) in paragraph at lines 22--22
[]|\T1/cmr/m/n/5 46.6--47.9%
 []


Underfull \hbox (badness 10000) in paragraph at lines 22--22
[]|\T1/cmr/m/n/5 3
 []


Overfull \hbox (0.77623pt too wide) in paragraph at lines 22--22
\T1/cmr/m/n/5 seeds/tier| 
 []


Underfull \hbox (badness 1910) in paragraph at lines 26--26
[]|$\OML/cmm/m/it/5 A[]=\OMS/cmsy/m/n/5 j\OML/cmm/m/it/5 TE\OMS/cmsy/m/n/5 j \O
T1/cmr/m/n/5 =
 []


Underfull \hbox (badness 10000) in paragraph at lines 26--26
[]|\T1/cmr/m/n/5 16 run-
 []


Underfull \hbox (badness 10000) in paragraph at lines 27--27
[]|\T1/cmr/m/n/5 Structural sta-bil-
 []


Underfull \hbox (badness 10000) in paragraph at lines 27--27
[]|\T1/cmr/m/n/5 0.0669 to
 []


Underfull \hbox (badness 10000) in paragraph at lines 27--27
[]|\T1/cmr/m/n/5 16 run-
 []


Underfull \hbox (badness 10000) in paragraph at lines 31--31
[]|\T1/cmr/m/n/5 Theoretical pre-dic-tions match
 []


Underfull \hbox (badness 10000) in paragraph at lines 31--31
[]|\T1/cmr/m/n/5 Phase
 []


Underfull \hbox (badness 10000) in paragraph at lines 32--32
[]|\T1/cmr/m/n/5 Intervention ad-
 []


Underfull \hbox (badness 5954) in paragraph at lines 32--32
[]|\T1/cmr/m/n/5 Intervention sig-nals more de-
 []


Overfull \hbox (3.65747pt too wide) in paragraph at lines 32--32
[]|\T1/cmr/m/n/5 Simulation| 
 []


Underfull \hbox (badness 10000) in paragraph at lines 36--36
[]|\T1/cmr/m/n/5 Immune--kidney
 []


Underfull \hbox (badness 1173) in paragraph at lines 36--36
[]|\T1/cmr/m/n/5 Spearman cor-re-la-
 []


Underfull \hbox (badness 10000) in paragraph at lines 36--36
[]|\T1/cmr/m/n/5 Tissue
 []


Underfull \hbox (badness 1173) in paragraph at lines 37--37
[]|\T1/cmr/m/n/5 Spearman cor-re-la-
 []


Underfull \hbox (badness 10000) in paragraph at lines 37--37
[]|\T1/cmr/m/n/5 Tissue
 []


Underfull \hbox (badness 7759) in paragraph at lines 38--38
[]|\T1/cmr/m/n/5 Kidney--lung con-
 []


Underfull \hbox (badness 1173) in paragraph at lines 38--38
[]|\T1/cmr/m/n/5 Spearman cor-re-la-
 []


Underfull \hbox (badness 10000) in paragraph at lines 38--38
[]|\T1/cmr/m/n/5 Tissue
 []


Underfull \hbox (badness 10000) in paragraph at lines 39--39
[]|\T1/cmr/m/n/5 Bootstrap CI
 []


Underfull \hbox (badness 10000) in paragraph at lines 39--39
[]|\T1/cmr/m/n/5 Cross-tissue cor-re-la-tion con-fi-
 []


Underfull \hbox (badness 10000) in paragraph at lines 39--39
[]|\T1/cmr/m/n/5 10,000
 []


Underfull \hbox (badness 10000) in paragraph at lines 39--39
\T1/cmr/m/n/5 re-sam-
 []


Underfull \hbox (badness 10000) in paragraph at lines 40--40
[]|\T1/cmr/m/n/5 Permutation test
 []


Underfull \hbox (badness 3158) in paragraph at lines 40--40
[]|\T1/cmr/m/n/5 Cross-tissue cor-re-la-tion sig-nif-i-
 []


Underfull \hbox (badness 10000) in paragraph at lines 40--40
[]|\T1/cmr/m/n/5 5,000
 []


Underfull \hbox (badness 10000) in paragraph at lines 40--40
\T1/cmr/m/n/5 per-mu-ta-
 []


Underfull \hbox (badness 1052) in paragraph at lines 44--44
[]|\T1/cmr/m/n/5 Dixit 13-day con-
 []


Underfull \hbox (badness 10000) in paragraph at lines 44--44
[]|\T1/cmr/m/n/5 Model in-ter-ven-tions match
 []


Underfull \hbox (badness 1173) in paragraph at lines 44--44
[]|\T1/cmr/m/n/5 Spearman cor-re-la-
 []


Overfull \hbox (9.82263pt too wide) in paragraph at lines 44--44
[]|\T1/cmr/m/n/5 Perturbation
 []


Underfull \hbox (badness 4899) in paragraph at lines 45--45
[]|\T1/cmr/m/n/5 Dixit 13-day ad-
 []


Underfull \hbox (badness 10000) in paragraph at lines 45--45
[]|\T1/cmr/m/n/5 Confound-adjusted in-ter-ven-tion
 []


Underfull \hbox (badness 1173) in paragraph at lines 45--45
[]|\T1/cmr/m/n/5 Spearman cor-re-la-
 []


Overfull \hbox (9.82263pt too wide) in paragraph at lines 45--45
[]|\T1/cmr/m/n/5 Perturbation
 []


Underfull \hbox (badness 10000) in paragraph at lines 46--46
[]|\T1/cmr/m/n/5 Model in-ter-ven-tions match
 []


Underfull \hbox (badness 1173) in paragraph at lines 46--46
[]|\T1/cmr/m/n/5 Spearman cor-re-la-
 []


Overfull \hbox (9.82263pt too wide) in paragraph at lines 46--46
[]|\T1/cmr/m/n/5 Perturbation
 []


Underfull \hbox (badness 10000) in paragraph at lines 47--47
[]|\T1/cmr/m/n/5 Adamson con-sis-
 []


Underfull \hbox (badness 10000) in paragraph at lines 47--47
[]|\T1/cmr/m/n/5 Model in-ter-ven-tions match
 []


Underfull \hbox (badness 1173) in paragraph at lines 47--47
[]|\T1/cmr/m/n/5 Spearman cor-re-la-
 []


Overfull \hbox (9.82263pt too wide) in paragraph at lines 47--47
[]|\T1/cmr/m/n/5 Perturbation
 []


Underfull \hbox (badness 10000) in paragraph at lines 48--48
[]|\T1/cmr/m/n/5 Model in-ter-ven-tions match
 []


Underfull \hbox (badness 1173) in paragraph at lines 48--48
[]|\T1/cmr/m/n/5 Spearman cor-re-la-
 []


Overfull \hbox (9.82263pt too wide) in paragraph at lines 48--48
[]|\T1/cmr/m/n/5 Perturbation
 []


Underfull \hbox (badness 10000) in paragraph at lines 49--49
[]|\T1/cmr/m/n/5 Confound-adjusted in-ter-ven-tion
 []


Underfull \hbox (badness 1173) in paragraph at lines 49--49
[]|\T1/cmr/m/n/5 Spearman cor-re-la-
 []


Overfull \hbox (9.82263pt too wide) in paragraph at lines 49--49
[]|\T1/cmr/m/n/5 Perturbation
 []


Underfull \hbox (badness 3189) in paragraph at lines 53--53
[]|\T1/cmr/m/n/5 Global edge con-
 []


Underfull \hbox (badness 1173) in paragraph at lines 53--53
[]|\T1/cmr/m/n/5 Spearman cor-re-la-
 []


Underfull \hbox (badness 10000) in paragraph at lines 53--53
[]|\T1/cmr/m/n/5 25,876
 []


Underfull \hbox (badness 10000) in paragraph at lines 54--54
[]|\T1/cmr/m/n/5 Sign agree-ment
 []


Underfull \hbox (badness 10000) in paragraph at lines 54--54
[]|\T1/cmr/m/n/5 Edge signs con-served across
 []


Underfull \hbox (badness 10000) in paragraph at lines 54--54
[]|\T1/cmr/m/n/5 88.6% agree-
 []


Underfull \hbox (badness 10000) in paragraph at lines 54--54
[]|\T1/cmr/m/n/5 25,876
 []


Underfull \hbox (badness 10000) in paragraph at lines 55--55
[]|\T1/cmr/m/n/5 8--484$\OMS/cmsy/m/n/5 ^^B$ \T1/cmr/m/n/5 en-
 []


Underfull \hbox (badness 10000) in paragraph at lines 55--55
[]|\T1/cmr/m/n/5 1,000
 []


Underfull \hbox (badness 10000) in paragraph at lines 55--55
\T1/cmr/m/n/5 per-mu-ta-
 []


Underfull \hbox (badness 10000) in paragraph at lines 56--56
[]|\T1/cmr/m/n/5 Per-TF con-ser-va-
 []


Underfull \hbox (badness 5667) in paragraph at lines 60--60
[]|\T1/cmr/m/n/5 Overall di-rec-tion-
 []


Underfull \hbox (badness 1466) in paragraph at lines 60--60
[]|\T1/cmr/m/n/5 21.4% con-sis-
 []


Underfull \hbox (badness 10000) in paragraph at lines 61--61
[]|\T1/cmr/m/n/5 Shuffled pseu-do-
 []


Underfull \hbox (badness 6559) in paragraph at lines 61--61
[]|\T1/cmr/m/n/5 Directionality ex-ceeds shuf-fled
 []


Underfull \hbox (badness 10000) in paragraph at lines 61--61
[]|\T1/cmr/m/n/5 Mann-Whitney
 []


Underfull \hbox (badness 10000) in paragraph at lines 61--61
[]|\T1/cmr/m/n/5 500
 []


Underfull \hbox (badness 10000) in paragraph at lines 61--61
\T1/cmr/m/n/5 per-mu-ta-
 []


Underfull \hbox (badness 1248) in paragraph at lines 62--62
[]|\T1/cmr/m/n/5 Random gene-pair
 []


Underfull \hbox (badness 7576) in paragraph at lines 62--62
[]|\T1/cmr/m/n/5 Directionality ex-ceeds ran-dom
 []


Underfull \hbox (badness 10000) in paragraph at lines 62--62
[]|\T1/cmr/m/n/5 Mann-Whitney
 []


Underfull \hbox (badness 2460) in paragraph at lines 63--63
[]|\T1/cmr/m/n/5 T-cell di-rec-tion-al-
 []


Underfull \hbox (badness 10000) in paragraph at lines 63--63
[]|\T1/cmr/m/n/5 Lineage-specific
 []


Underfull \hbox (badness 1466) in paragraph at lines 63--63
[]|\T1/cmr/m/n/5 16.7% con-sis-
 []


Underfull \hbox (badness 2753) in paragraph at lines 64--64
[]|\T1/cmr/m/n/5 B-cell di-rec-tion-al-
 []


Underfull \hbox (badness 10000) in paragraph at lines 64--64
[]|\T1/cmr/m/n/5 Lineage-specific
 []


Underfull \hbox (badness 1466) in paragraph at lines 64--64
[]|\T1/cmr/m/n/5 13.3% con-sis-
 []


Underfull \hbox (badness 2846) in paragraph at lines 65--65
[]|\T1/cmr/m/n/5 TF-target or-der-ing in myeloid
 []


Underfull \hbox (badness 10000) in paragraph at lines 65--65
[]|\T1/cmr/m/n/5 Lineage-specific
 []


Underfull \hbox (badness 1466) in paragraph at lines 65--65
[]|\T1/cmr/m/n/5 35.3% con-sis-
 []


Underfull \hbox (badness 10000) in paragraph at lines 69--69
[]|\T1/cmr/m/n/5 Donor clas-si-fi-ca-
 []


Underfull \hbox (badness 10000) in paragraph at lines 69--69
[]|\T1/cmr/m/n/5 AUC 0.85--
 []


Underfull \hbox (badness 10000) in paragraph at lines 69--69
[]|\T1/cmr/m/n/5 20,000
 []


Underfull \hbox (badness 3838) in paragraph at lines 69--69
\T1/cmr/m/n/5 cells, 24
 []


Underfull \hbox (badness 10000) in paragraph at lines 70--70
[]|\T1/cmr/m/n/5 Donor clas-si-fi-ca-
 []


Underfull \hbox (badness 10000) in paragraph at lines 70--70
[]|\T1/cmr/m/n/5 AUC 0.94--
 []


Underfull \hbox (badness 10000) in paragraph at lines 70--70
[]|\T1/cmr/m/n/5 20,000
 []


Underfull \hbox (badness 10000) in paragraph at lines 70--70
\T1/cmr/m/n/5 cells, 4
 []


Underfull \hbox (badness 1286) in paragraph at lines 71--71
[]|\T1/cmr/m/n/5 Edge fea-tures en-code tech-ni-cal
 []


Underfull \hbox (badness 10000) in paragraph at lines 71--71
[]|\T1/cmr/m/n/5 AUC 0.96--
 []


Underfull \hbox (badness 10000) in paragraph at lines 71--71
[]|\T1/cmr/m/n/5 All tis-
 []


Underfull \hbox (badness 10000) in paragraph at lines 72--72
[]|\T1/cmr/m/n/5 Stratified 5-fold
 []


Underfull \hbox (badness 10000) in paragraph at lines 73--73
[]|\T1/cmr/m/n/5 LODO sta-bil-ity
 []


Underfull \hbox (badness 10000) in paragraph at lines 73--73
[]|\T1/cmr/m/n/5 LODO vari-ance
 []


Underfull \hbox (badness 10000) in paragraph at lines 73--73
[]|\T1/cmr/m/n/5 Variable
 []


Underfull \hbox (badness 10000) in paragraph at lines 74--74
[]|\T1/cmr/m/n/5 Lung
 []


Underfull \hbox (badness 10000) in paragraph at lines 78--78
[]|\T1/cmr/m/n/5 Calibration ECE
 []


Underfull \hbox (badness 10000) in paragraph at lines 78--78
[]|\T1/cmr/m/n/5 Post-hoc cal-i-bra-tion im-proves
 []


Underfull \hbox (badness 10000) in paragraph at lines 78--78
[]|\T1/cmr/m/n/5 6 meth-
 []


Underfull \hbox (badness 10000) in paragraph at lines 79--79
[]|\T1/cmr/m/n/5 ECE 0.062--
 []


Underfull \hbox (badness 10000) in paragraph at lines 79--79
[]|\T1/cmr/m/n/5 6 meth-
 []


Underfull \hbox (badness 10000) in paragraph at lines 80--80
[]|\T1/cmr/m/n/5 Conformal cov-er-
 []


Underfull \hbox (badness 3872) in paragraph at lines 80--80
[]|\T1/cmr/m/n/5 Conformal sets achieve tar-get
 []


Underfull \hbox (badness 10000) in paragraph at lines 80--80
[]|$\OMS/cmsy/m/n/5 ^^U$\T1/cmr/m/n/5 95% cov-er-
 []


Underfull \hbox (badness 10000) in paragraph at lines 81--81
[]|\T1/cmr/m/n/5 95% CI
 []


Underfull \hbox (badness 10000) in paragraph at lines 81--81
[]|\T1/cmr/m/n/5 200 re-
 []


Underfull \hbox (badness 10000) in paragraph at lines 82--82
[]|\T1/cmr/m/n/5 Cross-dataset
 []


Underfull \hbox (badness 1337) in paragraph at lines 82--82
[]|\T1/cmr/m/n/5 Calibrators don't trans-fer con-
 []


Underfull \hbox (badness 10000) in paragraph at lines 82--82
[]|\T1/cmr/m/n/5 ECE 0.320--
 []


Underfull \hbox (badness 10000) in paragraph at lines 82--82
[]|\T1/cmr/m/n/5 K562 to
 []


Underfull \hbox (badness 10000) in paragraph at lines 86--86
[]|\T1/cmr/m/n/5 Synthetic scal-ing
 []


Underfull \hbox (badness 1173) in paragraph at lines 86--86
[]|\T1/cmr/m/n/5 Spearman cor-re-la-
 []


Underfull \hbox (badness 10000) in paragraph at lines 87--87
[]|\T1/cmr/m/n/5 Pooled scal-ing
 []


Underfull \hbox (badness 1173) in paragraph at lines 87--87
[]|\T1/cmr/m/n/5 Spearman cor-re-la-
 []


Underfull \hbox (badness 10000) in paragraph at lines 88--88
[]|\T1/cmr/m/n/5 CSSI ad-van-tage
 []


Underfull \hbox (badness 10000) in paragraph at lines 88--88
[]|\T1/cmr/m/n/5 1.13--1.85$\OMS/cmsy/m/n/5 ^^B$
 []


Underfull \hbox (badness 10000) in paragraph at lines 89--89
[]|\T1/cmr/m/n/5 Real-data CSSI
 []


Underfull \hbox (badness 10000) in paragraph at lines 89--89
[]|\T1/cmr/m/n/5 1.16$\OMS/cmsy/m/n/5 ^^B$ \T1/cmr/m/n/5 im-
 []


Underfull \hbox (badness 10000) in paragraph at lines 89--89
[]|\T1/cmr/m/n/5 3,000
 []


Underfull \hbox (badness 10000) in paragraph at lines 91--91
[]|\T1/cmr/m/n/5 AUROC
 []


Underfull \hbox (badness 10000) in paragraph at lines 91--91
\T1/cmr/m/n/5 8,330
 []


Underfull \hbox (badness 10000) in paragraph at lines 95--95
[]|\T1/cmr/m/n/5 Synthetic
 []


Underfull \hbox (badness 10000) in paragraph at lines 96--96
[]|\T1/cmr/m/n/5 Shapley im-prove-
 []


Underfull \hbox (badness 10000) in paragraph at lines 96--96
[]|\T1/cmr/m/n/5 Synthetic
 []


Underfull \hbox (badness 6173) in paragraph at lines 97--97
[]|\T1/cmr/m/n/5 Detectability cor-
 []


Underfull \hbox (badness 10000) in paragraph at lines 97--97
[]|\T1/cmr/m/n/5 Empirical matches the-o-ret-i-cal
 []


Underfull \hbox (badness 10000) in paragraph at lines 97--97
[]|\T1/cmr/m/n/5 Phase
 []


Underfull \hbox (badness 10000) in paragraph at lines 101--101
[]|\T1/cmr/m/n/5 Geneformer TR-
 []


Underfull \hbox (badness 8113) in paragraph at lines 101--101
[]|\T1/cmr/m/n/5 Geneformer at-ten-tion re-cov-ers
 []


Underfull \hbox (badness 10000) in paragraph at lines 101--101
[]|\T1/cmr/m/n/5 AUROC
 []


Underfull \hbox (badness 10000) in paragraph at lines 101--101
[]|\T1/cmr/m/n/5 3 cell
 []


Underfull \hbox (badness 10000) in paragraph at lines 102--102
[]|\T1/cmr/m/n/5 Geneformer
 []


Underfull \hbox (badness 8113) in paragraph at lines 102--102
[]|\T1/cmr/m/n/5 Geneformer at-ten-tion re-cov-ers
 []


Underfull \hbox (badness 10000) in paragraph at lines 102--102
[]|\T1/cmr/m/n/5 AUROC
 []


Underfull \hbox (badness 10000) in paragraph at lines 102--102
[]|\T1/cmr/m/n/5 3 cell
 []


Underfull \hbox (badness 10000) in paragraph at lines 103--103
[]|\T1/cmr/m/n/5 Cross-model con-
 []


Underfull \hbox (badness 2671) in paragraph at lines 103--103
[]|\T1/cmr/m/n/5 Both $\OMS/cmsy/m/n/5 ^^Y \OT1/cmr/m/n/5 0\OML/cmm/m/it/5 :\OT
1/cmr/m/n/5 5$
 []


Underfull \hbox (badness 10000) in paragraph at lines 104--104
[]|\T1/cmr/m/n/5 Bootstrap CI
 []


Underfull \hbox (badness 10000) in paragraph at lines 104--104
[]|\T1/cmr/m/n/5 CIs in-clude
 []


Underfull \hbox (badness 10000) in paragraph at lines 104--104
[]|\T1/cmr/m/n/5 10,000
 []


Underfull \hbox (badness 10000) in paragraph at lines 104--104
\T1/cmr/m/n/5 re-sam-
 []


Underfull \hbox (badness 10000) in paragraph at lines 105--105
[]|\T1/cmr/m/n/5 Attention-
 []


Underfull \hbox (badness 10000) in paragraph at lines 105--105
\T1/cmr/m/n/5 expression cor-
 []


Underfull \hbox (badness 10000) in paragraph at lines 105--105
[]|\T1/cmr/m/n/5 Both
 []


Underfull \hbox (badness 10000) in paragraph at lines 106--106
[]|\T1/cmr/m/n/5 Attention-
 []


Underfull \hbox (badness 10000) in paragraph at lines 106--106
\T1/cmr/m/n/5 regulation cor-
 []


Underfull \hbox (badness 1448) in paragraph at lines 106--106
[]|\T1/cmr/m/n/5 Attention doesn't cap-ture true
 []


Underfull \hbox (badness 10000) in paragraph at lines 106--106
[]|\T1/cmr/m/n/5 Both
 []


Overfull \hbox (220.93541pt too wide) in paragraph at lines 11--110
 [][] 
 []


LaTeX Warning: Float too large for page by 280.09401pt on input line 110.

[20]
Underfull \hbox (badness 5245) in paragraph at lines 116--117
[]\T1/cmr/bx/n/10 Framework-level $\OML/cmm/m/it/10 $\T1/cmr/bx/n/10 : \T1/cmr
/m/n/10 0.05 with Benjamini-
 []


Underfull \hbox (badness 2452) in paragraph at lines 123--124
[]\T1/cmr/m/n/10 All p-values re-flect framework-level Benjamini-
 []

) (./main.bbl
Underfull \hbox (badness 1210) in paragraph at lines 16--21
[]\T1/cmr/m/n/10 Christina V Theodoris, Ling Xiao, Anant Chopra,
 []


Underfull \hbox (badness 1264) in paragraph at lines 62--66
\T1/cmr/m/n/10 Henighan, Nicholas Joseph, Ben Mann, Amanda
 []


Underfull \hbox (badness 1796) in paragraph at lines 96--100
\T1/cmr/m/n/10 Lynch, Ste-fan Heimer-sheim, and Adri Garriga-
 []


Underfull \hbox (badness 1028) in paragraph at lines 103--109
[]\T1/cmr/m/n/10 Jesse Vig, Se-bas-tian Gehrmann, Yonatan Be-linkov,
 []

[21]
Underfull \hbox (badness 1122) in paragraph at lines 118--121
[]\T1/cmr/m/n/10 Neel Nanda, Lawrence Chan, Tom Lieberum, Jess
 []


Underfull \hbox (badness 1210) in paragraph at lines 141--146
\T1/cmr/m/n/10 Ibrahim, Denes Turei, and Julio Saez-Rodriguez.
 []


Underfull \hbox (badness 1622) in paragraph at lines 199--204
[]\T1/cmr/m/n/10 Atray Dixit, Oren Par-nas, Biyu Li, Jenny Chen,
 []


Underfull \hbox (badness 2269) in paragraph at lines 199--204
\T1/cmr/m/n/10 able single-cell RNA pro-fil-ing of pooled ge-netic
 []


Underfull \hbox (badness 1496) in paragraph at lines 251--256
[]\T1/cmr/m/n/10 Jonas Pe-ters, Pe-ter Bhlmann, and Nico-lai Mein-
 []


Underfull \hbox (badness 5245) in paragraph at lines 259--265
\T1/cmr/m/n/10 Green-stein, Molly Deitch, Jeanette Hal-ibur-ton,
 []


Underfull \hbox (badness 1072) in paragraph at lines 259--265
\T1/cmr/m/n/10 Nichelle Gra-ham, D Ray, He-lena M Berns, and
 []

[22]
Underfull \hbox (badness 2005) in paragraph at lines 322--327
\T1/cmr/m/n/10 optimal large lan-guage mod-els.  \T1/cmr/m/it/10 arXiv preprint

 []


Underfull \hbox (badness 4899) in paragraph at lines 345--350
\T1/cmr/m/n/10 signaling net-works de-rived from mul-ti-pa-ram-e-ter
 []

) [23] (./main.aux)
 ***********
LaTeX2e <2023-11-01> patch level 1
L3 programming layer <2024-01-22>
 ***********


LaTeX Warning: Label(s) may have changed. Rerun to get cross-references right.

Package rerunfilecheck Info: File `main.out' has not changed.
(rerunfilecheck)             Checksum: 75F9F507C9D82F1A63EAF3B4CE10668D;10001.
 ) 
Here is how much of TeX's memory you used:
 17237 strings out of 476106
 330574 string characters out of 5793933
 2040975 words of memory out of 5000000
 38871 multiletter control sequences out of 15000+600000
 579173 words of font info for 90 fonts, out of 8000000 for 9000
 59 hyphenation exceptions out of 8191
 75i,15n,79p,2079b,1080s stack positions out of 10000i,1000n,20000p,200000b,200000s
 </home/agent/.texlive2023/texmf-var/fonts/pk/ljfour/jknappen/ec/tcrm1000.600
pk> </home/agent/.texlive2023/texmf-var/fonts/pk/ljfour/jknappen/ec/ecrm0500.60
0pk> </home/agent/.texlive2023/texmf-var/fonts/pk/ljfour/jknappen/ec/ecbx0500.6
00pk> </home/agent/.texlive2023/texmf-var/fonts/pk/ljfour/jknappen/ec/ectt1000.
600pk> </home/agent/.texlive2023/texmf-var/fonts/pk/ljfour/jknappen/ec/ecbx0900
.600pk> </home/agent/.texlive2023/texmf-var/fonts/pk/ljfour/jknappen/ec/ecrm090
0.600pk> </home/agent/.texlive2023/texmf-var/fonts/pk/ljfour/jknappen/ec/ecbx12
00.600pk> </home/agent/.texlive2023/texmf-var/fonts/pk/ljfour/jknappen/ec/ecti1
000.600pk> </home/agent/.texlive2023/texmf-var/fonts/pk/ljfour/jknappen/ec/ecrm
0700.600pk> </home/agent/.texlive2023/texmf-var/fonts/pk/ljfour/jknappen/ec/ecb
x1000.600pk> </home/agent/.texlive2023/texmf-var/fonts/pk/ljfour/jknappen/ec/ec
rm1000.600pk> </home/agent/.texlive2023/texmf-var/fonts/pk/ljfour/jknappen/ec/e
cbx1440.600pk> </home/agent/.texlive2023/texmf-var/fonts/pk/ljfour/jknappen/ec/
ectt1200.600pk> </home/agent/.texlive2023/texmf-var/fonts/pk/ljfour/jknappen/ec
/ecrm1200.600pk> </home/agent/.texlive2023/texmf-var/fonts/pk/ljfour/jknappen/e
c/ecbx1728.600pk></usr/share/texlive/texmf-dist/fonts/type1/public/amsfonts/cm/
cmbx10.pfb></usr/share/texlive/texmf-dist/fonts/type1/public/amsfonts/cm/cmex10
.pfb></usr/share/texlive/texmf-dist/fonts/type1/public/amsfonts/cm/cmmi10.pfb><
/usr/share/texlive/texmf-dist/fonts/type1/public/amsfonts/cm/cmmi5.pfb></usr/sh
are/texlive/texmf-dist/fonts/type1/public/amsfonts/cm/cmmi7.pfb></usr/share/tex
live/texmf-dist/fonts/type1/public/amsfonts/cm/cmr10.pfb></usr/share/texlive/te
xmf-dist/fonts/type1/public/amsfonts/cm/cmr5.pfb></usr/share/texlive/texmf-dist
/fonts/type1/public/amsfonts/cm/cmr7.pfb></usr/share/texlive/texmf-dist/fonts/t
ype1/public/amsfonts/cm/cmsy10.pfb></usr/share/texlive/texmf-dist/fonts/type1/p
ublic/amsfonts/cm/cmsy5.pfb></usr/share/texlive/texmf-dist/fonts/type1/public/a
msfonts/cm/cmsy7.pfb></usr/share/texlive/texmf-dist/fonts/type1/public/amsfonts
/cm/cmsy9.pfb></usr/share/texlive/texmf-dist/fonts/type1/public/amsfonts/symbol
s/msbm10.pfb>
Output written on main.pdf (23 pages, 3816438 bytes).
PDF statistics:
 1478 PDF objects out of 1728 (max. 8388607)
 759 compressed objects within 8 object streams
 175 named destinations out of 1000 (max. 500000)
 417 words of extra memory for PDF output out of 10000 (max. 10000000)

