=== CSSI Research v2 Starting ===
Device: cuda
Loading model...
Model: 18L x 18H
Loading data...
Loading TRRUST...
TRRUST: 8330 edges
Tokenizing...
Valid: 497 cells, CTs: Counter({'oligodendrocyte': 244, 'glutamatergic neuron': 106, 'GABAergic interneuron': 35, 'pvalb GABAergic cortical interneuron': 35, 'astrocyte': 35, 'oligodendrocyte precursor cell': 25, 'microglial cell': 17})

=== EXP 1: Per-layer (all heads averaged) ===
    Cell 100/497
    Cell 200/497
    Cell 300/497
    Cell 400/497
  Layer  0: pooled=0.5524, best_cssi=cssi_mean=0.5661 (31s)
    Cell 100/497
    Cell 200/497
    Cell 300/497
    Cell 400/497
  Layer  1: pooled=0.6004, best_cssi=cssi_mean=0.6075 (30s)
    Cell 100/497
    Cell 200/497
    Cell 300/497
    Cell 400/497
  Layer  2: pooled=0.5643, best_cssi=cssi_mean=0.5866 (31s)
    Cell 100/497
    Cell 200/497
    Cell 300/497
    Cell 400/497
  Layer  3: pooled=0.5727, best_cssi=cssi_mean=0.5801 (32s)
    Cell 100/497
    Cell 200/497
    Cell 300/497
    Cell 400/497
  Layer  4: pooled=0.6101, best_cssi=cssi_range=0.6090 (32s)
    Cell 100/497
    Cell 200/497
    Cell 300/497
    Cell 400/497
  Layer  5: pooled=0.5320, best_cssi=cssi_mean=0.5511 (30s)
    Cell 100/497
    Cell 200/497
    Cell 300/497
    Cell 400/497
  Layer  6: pooled=0.5131, best_cssi=cssi_mean=0.5384 (31s)
    Cell 100/497
    Cell 200/497
    Cell 300/497
    Cell 400/497
  Layer  7: pooled=0.5971, best_cssi=cssi_deviation=0.6076 (31s)
    Cell 100/497
    Cell 200/497
    Cell 300/497
    Cell 400/497
  Layer  8: pooled=0.5294, best_cssi=cssi_range=0.5897 (33s)
    Cell 100/497
    Cell 200/497
    Cell 300/497
    Cell 400/497
  Layer  9: pooled=0.5944, best_cssi=cssi_range=0.6106 (35s)
    Cell 100/497
    Cell 200/497
    Cell 300/497
    Cell 400/497
  Layer 10: pooled=0.6152, best_cssi=cssi_range=0.6477 (43s)
    Cell 100/497
    Cell 200/497
    Cell 300/497
    Cell 400/497
  Layer 11: pooled=0.5679, best_cssi=cssi_range=0.5887 (53s)
    Cell 100/497
    Cell 200/497
    Cell 300/497
    Cell 400/497
  Layer 12: pooled=0.6556, best_cssi=cssi_range=0.6662 (44s)
    Cell 100/497
    Cell 200/497
    Cell 300/497
    Cell 400/497
  Layer 13: pooled=0.6940, best_cssi=cssi_deviation=0.6937 (40s)
    Cell 100/497
    Cell 200/497
    Cell 300/497
    Cell 400/497
  Layer 14: pooled=0.6829, best_cssi=cssi_deviation=0.6824 (40s)
    Cell 100/497
    Cell 200/497
    Cell 300/497
    Cell 400/497
  Layer 15: pooled=0.6314, best_cssi=cssi_range=0.6405 (39s)
    Cell 100/497
    Cell 200/497
    Cell 300/497
    Cell 400/497
  Layer 16: pooled=0.6685, best_cssi=cssi_range=0.6779 (41s)
    Cell 100/497
    Cell 200/497
    Cell 300/497
    Cell 400/497
  Layer 17: pooled=0.6732, best_cssi=cssi_deviation=0.6727 (53s)

  Top-3 layers: [13, 14, 17]

=== EXP 2: Per-head (top 2 layers) ===
    Cell 100/497
    Cell 200/497
    Cell 300/497
    Cell 400/497
  L13_H0: AUROC=0.6403
    Cell 100/497
    Cell 200/497
    Cell 300/497
    Cell 400/497
  L13_H1: AUROC=0.6601
    Cell 100/497
    Cell 200/497
    Cell 300/497
    Cell 400/497
  L13_H2: AUROC=0.6512
